0 info it worked if it ends with ok
1 verbose cli [ '/usr/local/bin/node', '/usr/local/bin/npm', 'test', '-g' ]
2 info using npm@3.8.3
3 info using node@v5.10.0
4 verbose stack Error: ENOENT: no such file or directory, open '/home/oji/Development/src/github.com/assout/memolist/package.json'
4 verbose stack     at Error (native)
5 verbose cwd /home/oji/Development/src/github.com/assout/memolist
6 error Linux 4.4.6-300.fc23.x86_64
7 error argv "/usr/local/bin/node" "/usr/local/bin/npm" "test" "-g"
8 error node v5.10.0
9 error npm  v3.8.3
10 error path /home/oji/Development/src/github.com/assout/memolist/package.json
11 error code ENOENT
12 error errno -2
13 error syscall open
14 error enoent ENOENT: no such file or directory, open '/home/oji/Development/src/github.com/assout/memolist/package.json'
15 error enoent ENOENT: no such file or directory, open '/home/oji/Development/src/github.com/assout/memolist/package.json'
15 error enoent This is most likely not a problem with npm itself
15 error enoent and is related to npm not being able to find a file.
16 verbose exit [ -2, true ]
